2015-6-15 20:55:36 org.apache.catalina.startup.ClassLoaderFactory validateFile
警告: Problem with directory [D:\javaee_workspace\apache-tomcat-6.0.44-study\catalina-home\lib], exists: [false], isDirectory: [false], canRead: [false]
2015-6-15 20:55:36 org.apache.catalina.startup.ClassLoaderFactory validateFile
警告: Problem with directory [D:\javaee_workspace\apache-tomcat-6.0.44-study\catalina-home\lib], exists: [false], isDirectory: [false], canRead: [false]
2015-6-15 20:55:36 org.apache.catalina.startup.ClassLoaderFactory validateFile
警告: Problem with directory [D:\javaee_workspace\apache-tomcat-6.0.44-study\catalina-home\lib], exists: [false], isDirectory: [false], canRead: [false]
2015-6-15 20:55:36 org.apache.catalina.startup.ClassLoaderFactory validateFile
警告: Problem with directory [D:\javaee_workspace\apache-tomcat-6.0.44-study\catalina-home\lib], exists: [false], isDirectory: [false], canRead: [false]
2015-6-15 20:55:36 org.apache.catalina.startup.Embedded initDirs
严重: Cannot find specified temporary folder at catalina-home/temp
2015-6-15 20:55:36 org.apache.catalina.core.AprLifecycleListener init
信息: The APR based Apache Tomcat Native library which allows optimal performance in production environments was not found on the java.library.path: C:\Program Files (x86)\Java\jdk1.6.0_37\bin;C:\windows\Sun\Java\bin;C:\windows\system32;C:\windows;C:\Program Files (x86)\Common Files\NetSarang;C:\windows\system32;C:\windows;C:\windows\System32\Wbem;C:\windows\System32\WindowsPowerShell\v1.0\;C:\Program Files\Java\jdk1.6.0_45\bin;C:\Program Files\Java\jdk1.6.0_45\jre\bin;C:\Program Files\TortoiseSVN\bin;C:\Program Files\TortoiseSVN\bin;C:\Program Files (x86)\Common Files\lenovo\easyplussdk\bin;.
2015-6-15 20:55:36 org.apache.coyote.http11.Http11Protocol init
信息: Initializing Coyote HTTP/1.1 on http-8080
2015-6-15 20:55:36 org.apache.catalina.startup.Catalina load
信息: Initialization processed in 239 ms
2015-6-15 20:55:36 org.apache.catalina.core.StandardService start
信息: Starting service Catalina
2015-6-15 20:55:36 org.apache.catalina.core.StandardEngine start
信息: Starting Servlet Engine: Apache Tomcat/@VERSION@
2015-6-15 20:55:36 org.apache.coyote.http11.Http11Protocol start
信息: Starting Coyote HTTP/1.1 on http-8080
2015-6-15 20:55:36 org.apache.jk.common.ChannelSocket init
信息: JK: ajp13 listening on /0.0.0.0:8009
2015-6-15 20:55:36 org.apache.jk.server.JkMain start
信息: Jk running ID=0 time=0/9  config=null
2015-6-15 20:55:36 org.apache.catalina.startup.Catalina start
信息: Server startup in 51 ms
2015-6-15 21:16:38 org.apache.catalina.startup.ClassLoaderFactory validateFile
警告: Problem with directory [D:\javaee_workspace\apache-tomcat-6.0.44-study\catalina-home\lib], exists: [false], isDirectory: [false], canRead: [false]
2015-6-15 21:16:38 org.apache.catalina.startup.ClassLoaderFactory validateFile
警告: Problem with directory [D:\javaee_workspace\apache-tomcat-6.0.44-study\catalina-home\lib], exists: [false], isDirectory: [false], canRead: [false]
2015-6-15 21:16:38 org.apache.catalina.startup.ClassLoaderFactory validateFile
警告: Problem with directory [D:\javaee_workspace\apache-tomcat-6.0.44-study\catalina-home\lib], exists: [false], isDirectory: [false], canRead: [false]
2015-6-15 21:16:38 org.apache.catalina.startup.ClassLoaderFactory validateFile
警告: Problem with directory [D:\javaee_workspace\apache-tomcat-6.0.44-study\catalina-home\lib], exists: [false], isDirectory: [false], canRead: [false]
2015-6-15 21:16:38 org.apache.catalina.startup.Embedded initDirs
严重: Cannot find specified temporary folder at catalina-home/temp
2015-6-15 21:16:38 org.apache.catalina.core.AprLifecycleListener init
信息: The APR based Apache Tomcat Native library which allows optimal performance in production environments was not found on the java.library.path: C:\Program Files (x86)\Java\jdk1.6.0_37\bin;C:\windows\Sun\Java\bin;C:\windows\system32;C:\windows;C:\Program Files (x86)\Common Files\NetSarang;C:\windows\system32;C:\windows;C:\windows\System32\Wbem;C:\windows\System32\WindowsPowerShell\v1.0\;C:\Program Files\Java\jdk1.6.0_45\bin;C:\Program Files\Java\jdk1.6.0_45\jre\bin;C:\Program Files\TortoiseSVN\bin;C:\Program Files\TortoiseSVN\bin;C:\Program Files (x86)\Common Files\lenovo\easyplussdk\bin;.
2015-6-15 21:16:38 org.apache.coyote.http11.Http11Protocol init
严重: Error initializing endpoint
java.net.BindException: Address already in use: JVM_Bind <null>:8080
	at org.apache.tomcat.util.net.JIoEndpoint.init(JIoEndpoint.java:549)
	at org.apache.coyote.http11.Http11Protocol.init(Http11Protocol.java:182)
	at org.apache.catalina.connector.Connector.initialize(Connector.java:1123)
	at org.apache.catalina.core.StandardService.initialize(StandardService.java:703)
	at org.apache.catalina.core.StandardServer.initialize(StandardServer.java:843)
	at org.apache.catalina.startup.Catalina.load(Catalina.java:538)
	at sun.reflect.NativeMethodAccessorImpl.invoke0(Native Method)
	at sun.reflect.NativeMethodAccessorImpl.invoke(NativeMethodAccessorImpl.java:39)
	at sun.reflect.DelegatingMethodAccessorImpl.invoke(DelegatingMethodAccessorImpl.java:25)
	at java.lang.reflect.Method.invoke(Method.java:597)
	at org.apache.catalina.startup.Bootstrap.load(Bootstrap.java:261)
	at org.apache.catalina.startup.Bootstrap.main(Bootstrap.java:414)
Caused by: java.net.BindException: Address already in use: JVM_Bind
	at java.net.PlainSocketImpl.socketBind(Native Method)
	at java.net.PlainSocketImpl.bind(PlainSocketImpl.java:383)
	at java.net.ServerSocket.bind(ServerSocket.java:328)
	at java.net.ServerSocket.<init>(ServerSocket.java:194)
	at java.net.ServerSocket.<init>(ServerSocket.java:150)
	at org.apache.tomcat.util.net.DefaultServerSocketFactory.createSocket(DefaultServerSocketFactory.java:50)
	at org.apache.tomcat.util.net.JIoEndpoint.init(JIoEndpoint.java:538)
	... 11 more
2015-6-15 21:16:38 org.apache.catalina.core.StandardService initialize
严重: Failed to initialize connector [Connector[HTTP/1.1-8080]]
LifecycleException:  Protocol handler initialization failed: java.net.BindException: Address already in use: JVM_Bind <null>:8080
	at org.apache.catalina.connector.Connector.initialize(Connector.java:1125)
	at org.apache.catalina.core.StandardService.initialize(StandardService.java:703)
	at org.apache.catalina.core.StandardServer.initialize(StandardServer.java:843)
	at org.apache.catalina.startup.Catalina.load(Catalina.java:538)
	at sun.reflect.NativeMethodAccessorImpl.invoke0(Native Method)
	at sun.reflect.NativeMethodAccessorImpl.invoke(NativeMethodAccessorImpl.java:39)
	at sun.reflect.DelegatingMethodAccessorImpl.invoke(DelegatingMethodAccessorImpl.java:25)
	at java.lang.reflect.Method.invoke(Method.java:597)
	at org.apache.catalina.startup.Bootstrap.load(Bootstrap.java:261)
	at org.apache.catalina.startup.Bootstrap.main(Bootstrap.java:414)
2015-6-15 21:16:38 org.apache.catalina.startup.Catalina load
信息: Initialization processed in 199 ms
2015-6-15 21:16:38 org.apache.catalina.core.StandardService start
信息: Starting service Catalina
2015-6-15 21:16:38 org.apache.catalina.core.StandardEngine start
信息: Starting Servlet Engine: Apache Tomcat/@VERSION@
2015-6-15 21:16:38 org.apache.coyote.http11.Http11Protocol start
严重: Error starting endpoint
java.net.BindException: Address already in use: JVM_Bind <null>:8080
	at org.apache.tomcat.util.net.JIoEndpoint.init(JIoEndpoint.java:549)
	at org.apache.tomcat.util.net.JIoEndpoint.start(JIoEndpoint.java:565)
	at org.apache.coyote.http11.Http11Protocol.start(Http11Protocol.java:209)
	at org.apache.catalina.connector.Connector.start(Connector.java:1196)
	at org.apache.catalina.core.StandardService.start(StandardService.java:540)
	at org.apache.catalina.core.StandardServer.start(StandardServer.java:759)
	at org.apache.catalina.startup.Catalina.start(Catalina.java:595)
	at sun.reflect.NativeMethodAccessorImpl.invoke0(Native Method)
	at sun.reflect.NativeMethodAccessorImpl.invoke(NativeMethodAccessorImpl.java:39)
	at sun.reflect.DelegatingMethodAccessorImpl.invoke(DelegatingMethodAccessorImpl.java:25)
	at java.lang.reflect.Method.invoke(Method.java:597)
	at org.apache.catalina.startup.Bootstrap.start(Bootstrap.java:289)
	at org.apache.catalina.startup.Bootstrap.main(Bootstrap.java:415)
Caused by: java.net.BindException: Address already in use: JVM_Bind
	at java.net.PlainSocketImpl.socketBind(Native Method)
	at java.net.PlainSocketImpl.bind(PlainSocketImpl.java:383)
	at java.net.ServerSocket.bind(ServerSocket.java:328)
	at java.net.ServerSocket.<init>(ServerSocket.java:194)
	at java.net.ServerSocket.<init>(ServerSocket.java:150)
	at org.apache.tomcat.util.net.DefaultServerSocketFactory.createSocket(DefaultServerSocketFactory.java:50)
	at org.apache.tomcat.util.net.JIoEndpoint.init(JIoEndpoint.java:538)
	... 12 more
2015-6-15 21:16:38 org.apache.catalina.core.StandardService start
严重: Failed to start connector [Connector[HTTP/1.1-8080]]
LifecycleException:  service.getName(): "Catalina";  Protocol handler start failed: java.net.BindException: Address already in use: JVM_Bind <null>:8080
	at org.apache.catalina.connector.Connector.start(Connector.java:1203)
	at org.apache.catalina.core.StandardService.start(StandardService.java:540)
	at org.apache.catalina.core.StandardServer.start(StandardServer.java:759)
	at org.apache.catalina.startup.Catalina.start(Catalina.java:595)
	at sun.reflect.NativeMethodAccessorImpl.invoke0(Native Method)
	at sun.reflect.NativeMethodAccessorImpl.invoke(NativeMethodAccessorImpl.java:39)
	at sun.reflect.DelegatingMethodAccessorImpl.invoke(DelegatingMethodAccessorImpl.java:25)
	at java.lang.reflect.Method.invoke(Method.java:597)
	at org.apache.catalina.startup.Bootstrap.start(Bootstrap.java:289)
	at org.apache.catalina.startup.Bootstrap.main(Bootstrap.java:415)
2015-6-15 21:16:38 org.apache.jk.common.ChannelSocket init
信息: Port busy 8009 java.net.BindException: Address already in use: JVM_Bind
2015-6-15 21:16:38 org.apache.jk.common.ChannelSocket init
严重: Can't find free port 8009 8009
2015-6-15 21:16:38 org.apache.jk.server.JkMain start
信息: Jk running ID=0 time=0/5  config=null
2015-6-15 21:16:38 org.apache.catalina.startup.Catalina start
信息: Server startup in 43 ms
2015-6-15 21:16:38 org.apache.catalina.core.StandardServer await
严重: StandardServer.await: create[8005]: 
java.net.BindException: Address already in use: JVM_Bind
	at java.net.PlainSocketImpl.socketBind(Native Method)
	at java.net.PlainSocketImpl.bind(PlainSocketImpl.java:383)
	at java.net.ServerSocket.bind(ServerSocket.java:328)
	at java.net.ServerSocket.<init>(ServerSocket.java:194)
	at org.apache.catalina.core.StandardServer.await(StandardServer.java:404)
	at org.apache.catalina.startup.Catalina.await(Catalina.java:676)
	at org.apache.catalina.startup.Catalina.start(Catalina.java:628)
	at sun.reflect.NativeMethodAccessorImpl.invoke0(Native Method)
	at sun.reflect.NativeMethodAccessorImpl.invoke(NativeMethodAccessorImpl.java:39)
	at sun.reflect.DelegatingMethodAccessorImpl.invoke(DelegatingMethodAccessorImpl.java:25)
	at java.lang.reflect.Method.invoke(Method.java:597)
	at org.apache.catalina.startup.Bootstrap.start(Bootstrap.java:289)
	at org.apache.catalina.startup.Bootstrap.main(Bootstrap.java:415)
2015-6-15 21:16:38 org.apache.coyote.http11.Http11Protocol pause
信息: Pausing Coyote HTTP/1.1 on http-8080
2015-6-15 21:16:39 org.apache.catalina.core.StandardService stop
信息: Stopping service Catalina
2015-6-15 21:16:39 org.apache.coyote.http11.Http11Protocol destroy
信息: Stopping Coyote HTTP/1.1 on http-8080
2015-6-15 21:16:55 org.apache.catalina.startup.ClassLoaderFactory validateFile
警告: Problem with directory [D:\javaee_workspace\apache-tomcat-6.0.44-study\catalina-home\lib], exists: [false], isDirectory: [false], canRead: [false]
2015-6-15 21:16:55 org.apache.catalina.startup.ClassLoaderFactory validateFile
警告: Problem with directory [D:\javaee_workspace\apache-tomcat-6.0.44-study\catalina-home\lib], exists: [false], isDirectory: [false], canRead: [false]
2015-6-15 21:16:55 org.apache.catalina.startup.ClassLoaderFactory validateFile
警告: Problem with directory [D:\javaee_workspace\apache-tomcat-6.0.44-study\catalina-home\lib], exists: [false], isDirectory: [false], canRead: [false]
2015-6-15 21:16:55 org.apache.catalina.startup.ClassLoaderFactory validateFile
警告: Problem with directory [D:\javaee_workspace\apache-tomcat-6.0.44-study\catalina-home\lib], exists: [false], isDirectory: [false], canRead: [false]
2015-6-15 21:16:55 org.apache.catalina.startup.Embedded initDirs
严重: Cannot find specified temporary folder at catalina-home/temp
2015-6-15 21:16:55 org.apache.catalina.core.AprLifecycleListener init
信息: The APR based Apache Tomcat Native library which allows optimal performance in production environments was not found on the java.library.path: C:\Program Files (x86)\Java\jdk1.6.0_37\bin;C:\windows\Sun\Java\bin;C:\windows\system32;C:\windows;C:\Program Files (x86)\Common Files\NetSarang;C:\windows\system32;C:\windows;C:\windows\System32\Wbem;C:\windows\System32\WindowsPowerShell\v1.0\;C:\Program Files\Java\jdk1.6.0_45\bin;C:\Program Files\Java\jdk1.6.0_45\jre\bin;C:\Program Files\TortoiseSVN\bin;C:\Program Files\TortoiseSVN\bin;C:\Program Files (x86)\Common Files\lenovo\easyplussdk\bin;.
2015-6-15 21:16:55 org.apache.coyote.http11.Http11Protocol init
信息: Initializing Coyote HTTP/1.1 on http-8080
2015-6-15 21:16:55 org.apache.catalina.startup.Catalina load
信息: Initialization processed in 195 ms
2015-6-15 21:16:55 org.apache.catalina.core.StandardService start
信息: Starting service Catalina
2015-6-15 21:16:55 org.apache.catalina.core.StandardEngine start
信息: Starting Servlet Engine: Apache Tomcat/@VERSION@
2015-6-15 21:16:55 org.apache.coyote.http11.Http11Protocol start
信息: Starting Coyote HTTP/1.1 on http-8080
2015-6-15 21:16:55 org.apache.jk.common.ChannelSocket init
信息: JK: ajp13 listening on /0.0.0.0:8009
2015-6-15 21:16:55 org.apache.jk.server.JkMain start
信息: Jk running ID=0 time=0/8  config=null
2015-6-15 21:16:55 org.apache.catalina.startup.Catalina start
信息: Server startup in 47 ms
