Oct 26, 2016 8:31:28 AM org.apache.catalina.startup.ClassLoaderFactory validateFile
WARNING: Problem with directory [D:\workspace\apache\apache-tomcat-6.0.44-study\catalina-home\lib], exists: [false], isDirectory: [false], canRead: [false]
Oct 26, 2016 8:31:28 AM org.apache.catalina.startup.ClassLoaderFactory validateFile
WARNING: Problem with directory [D:\workspace\apache\apache-tomcat-6.0.44-study\catalina-home\lib], exists: [false], isDirectory: [false], canRead: [false]
Oct 26, 2016 8:31:28 AM org.apache.catalina.startup.ClassLoaderFactory validateFile
WARNING: Problem with directory [D:\workspace\apache\apache-tomcat-6.0.44-study\catalina-home\lib], exists: [false], isDirectory: [false], canRead: [false]
Oct 26, 2016 8:31:28 AM org.apache.catalina.startup.ClassLoaderFactory validateFile
WARNING: Problem with directory [D:\workspace\apache\apache-tomcat-6.0.44-study\catalina-home\lib], exists: [false], isDirectory: [false], canRead: [false]
Oct 26, 2016 8:31:29 AM org.apache.catalina.startup.Embedded initDirs
SEVERE: Cannot find specified temporary folder at catalina-home/temp
Oct 26, 2016 8:31:32 AM org.apache.catalina.core.AprLifecycleListener init
INFO: The APR based Apache Tomcat Native library which allows optimal performance in production environments was not found on the java.library.path: D:\Applications\Java\jdk1.6.0_45\bin;C:\WINDOWS\Sun\Java\bin;C:\WINDOWS\system32;C:\WINDOWS;D:\Applications\Python35-32\Scripts\;D:\Applications\Python35-32\;D:\Applications\Python27\;D:\Applications\Python27\Scripts;C:\WINDOWS\system32;C:\WINDOWS;C:\WINDOWS\System32\Wbem;C:\WINDOWS\System32\WindowsPowerShell\v1.0\;C:\Program Files\TortoiseSVN\bin;C:\Program Files\Microsoft\Web Platform Installer\;C:\Program Files (x86)\Microsoft ASP.NET\ASP.NET Web Pages\v1.0\;C:\Program Files (x86)\Windows Kits\8.0\Windows Performance Toolkit\;C:\Program Files\Microsoft SQL Server\110\Tools\Binn\;D:\Applications\nodejs\;D:\Applications\Python35-32\Scripts\;D:\Applications\Python35-32\;D:\Applications\Python27\;D:\Applications\Python27\Scripts;C:\WINDOWS\system32;C:\WINDOWS;C:\WINDOWS\System32\Wbem;C:\WINDOWS\System32\WindowsPowerShell\v1.0\;C:\Program Files\TortoiseSVN\bin;C:\Program Files\Microsoft\Web Platform Installer\;C:\Program Files (x86)\Microsoft ASP.NET\ASP.NET Web Pages\v1.0\;C:\Program Files (x86)\Windows Kits\8.0\Windows Performance Toolkit\;C:\Program Files\Microsoft SQL Server\110\Tools\Binn\;D:\Applications\nodejs\;D:\Applications\Java\jdk1.8.0_77\bin;D:\Applications\gradle-2.14.1\bin;D:\Applications\apache-maven-3.1.1\bin;D:\Applications\Git\bin;D:\Applications\mysql-5.6.26-winx64\bin;D:\Applications\apache-ant-1.9.7\bin;D:\Applications\connectiq-sdk-win-1.2.9\bin;D:\Applications\redis_x64;D:\Applications\Lua;D:\Applications\memcached;C:\Users\whydk\AppData\Local\Microsoft\WindowsApps;C:\Users\whydk\AppData\Roaming\npm;.
Oct 26, 2016 8:31:32 AM org.apache.coyote.http11.Http11Protocol init
INFO: Initializing Coyote HTTP/1.1 on http-8080
Oct 26, 2016 8:31:32 AM org.apache.catalina.startup.Catalina load
INFO: Initialization processed in 3085 ms
Oct 26, 2016 8:31:32 AM org.apache.catalina.core.StandardService start
INFO: Starting service Catalina
Oct 26, 2016 8:31:32 AM org.apache.catalina.core.StandardEngine start
INFO: Starting Servlet Engine: Apache Tomcat/@VERSION@
Oct 26, 2016 8:31:32 AM org.apache.coyote.http11.Http11Protocol start
INFO: Starting Coyote HTTP/1.1 on http-8080
Oct 26, 2016 8:31:33 AM org.apache.jk.common.ChannelSocket init
INFO: JK: ajp13 listening on /0.0.0.0:8009
Oct 26, 2016 8:31:33 AM org.apache.jk.server.JkMain start
INFO: Jk running ID=0 time=0/80  config=null
Oct 26, 2016 8:31:33 AM org.apache.catalina.startup.Catalina start
INFO: Server startup in 420 ms
Oct 26, 2016 8:45:58 AM org.apache.catalina.startup.ClassLoaderFactory validateFile
WARNING: Problem with directory [D:\workspace\mygit\apache-tomcat-6.0.44-study\catalina-home\lib], exists: [false], isDirectory: [false], canRead: [false]
Oct 26, 2016 8:45:58 AM org.apache.catalina.startup.ClassLoaderFactory validateFile
WARNING: Problem with directory [D:\workspace\mygit\apache-tomcat-6.0.44-study\catalina-home\lib], exists: [false], isDirectory: [false], canRead: [false]
Oct 26, 2016 8:45:58 AM org.apache.catalina.startup.ClassLoaderFactory validateFile
WARNING: Problem with directory [D:\workspace\mygit\apache-tomcat-6.0.44-study\catalina-home\lib], exists: [false], isDirectory: [false], canRead: [false]
Oct 26, 2016 8:45:58 AM org.apache.catalina.startup.ClassLoaderFactory validateFile
WARNING: Problem with directory [D:\workspace\mygit\apache-tomcat-6.0.44-study\catalina-home\lib], exists: [false], isDirectory: [false], canRead: [false]
Oct 26, 2016 8:45:58 AM org.apache.catalina.startup.Embedded initDirs
SEVERE: Cannot find specified temporary folder at catalina-home/temp
Oct 26, 2016 8:45:59 AM org.apache.catalina.core.AprLifecycleListener init
INFO: The APR based Apache Tomcat Native library which allows optimal performance in production environments was not found on the java.library.path: D:\Applications\Java\jdk1.6.0_45\bin;C:\WINDOWS\Sun\Java\bin;C:\WINDOWS\system32;C:\WINDOWS;D:\Applications\Python35-32\Scripts\;D:\Applications\Python35-32\;D:\Applications\Python27\;D:\Applications\Python27\Scripts;C:\WINDOWS\system32;C:\WINDOWS;C:\WINDOWS\System32\Wbem;C:\WINDOWS\System32\WindowsPowerShell\v1.0\;C:\Program Files\TortoiseSVN\bin;C:\Program Files\Microsoft\Web Platform Installer\;C:\Program Files (x86)\Microsoft ASP.NET\ASP.NET Web Pages\v1.0\;C:\Program Files (x86)\Windows Kits\8.0\Windows Performance Toolkit\;C:\Program Files\Microsoft SQL Server\110\Tools\Binn\;D:\Applications\nodejs\;D:\Applications\Python35-32\Scripts\;D:\Applications\Python35-32\;D:\Applications\Python27\;D:\Applications\Python27\Scripts;C:\WINDOWS\system32;C:\WINDOWS;C:\WINDOWS\System32\Wbem;C:\WINDOWS\System32\WindowsPowerShell\v1.0\;C:\Program Files\TortoiseSVN\bin;C:\Program Files\Microsoft\Web Platform Installer\;C:\Program Files (x86)\Microsoft ASP.NET\ASP.NET Web Pages\v1.0\;C:\Program Files (x86)\Windows Kits\8.0\Windows Performance Toolkit\;C:\Program Files\Microsoft SQL Server\110\Tools\Binn\;D:\Applications\nodejs\;D:\Applications\Java\jdk1.8.0_77\bin;D:\Applications\gradle-2.14.1\bin;D:\Applications\apache-maven-3.1.1\bin;D:\Applications\Git\bin;D:\Applications\mysql-5.6.26-winx64\bin;D:\Applications\apache-ant-1.9.7\bin;D:\Applications\connectiq-sdk-win-1.2.9\bin;D:\Applications\redis_x64;D:\Applications\Lua;D:\Applications\memcached;C:\Users\whydk\AppData\Local\Microsoft\WindowsApps;C:\Users\whydk\AppData\Roaming\npm;.
Oct 26, 2016 8:45:59 AM org.apache.coyote.http11.Http11Protocol init
INFO: Initializing Coyote HTTP/1.1 on http-8080
Oct 26, 2016 8:45:59 AM org.apache.catalina.startup.Catalina load
INFO: Initialization processed in 848 ms
Oct 26, 2016 8:45:59 AM org.apache.catalina.core.StandardService start
INFO: Starting service Catalina
Oct 26, 2016 8:45:59 AM org.apache.catalina.core.StandardEngine start
INFO: Starting Servlet Engine: Apache Tomcat/@VERSION@
Oct 26, 2016 8:45:59 AM org.apache.coyote.http11.Http11Protocol start
INFO: Starting Coyote HTTP/1.1 on http-8080
Oct 26, 2016 8:45:59 AM org.apache.jk.common.ChannelSocket init
INFO: JK: ajp13 listening on /0.0.0.0:8009
Oct 26, 2016 8:45:59 AM org.apache.jk.server.JkMain start
INFO: Jk running ID=0 time=0/29  config=null
Oct 26, 2016 8:45:59 AM org.apache.catalina.startup.Catalina start
INFO: Server startup in 187 ms
